2026-05-27 09:27:50,665 | INFO | ============================================================
2026-05-27 09:27:50,666 | INFO | PUBLIC HEALTH ML STUDY  PIPELINE START
2026-05-27 09:27:50,668 | INFO | ============================================================
2026-05-27 09:27:50,668 | INFO | Step 1: Loading and preprocessing data...
2026-05-27 09:27:51,341 | INFO | Processed dataset shape: (2000, 48)
2026-05-27 09:27:51,341 | INFO | Step 2: Generating EDA visualizations...
2026-05-27 09:27:54,696 | INFO | Step 3: Splitting data...
2026-05-27 09:27:54,766 | INFO | Step 4: Scaling features...
2026-05-27 09:27:54,939 | INFO | 
==================================================
2026-05-27 09:27:54,941 | INFO | TASK A: Regression  CVD Risk Score Prediction
2026-05-27 09:27:54,942 | INFO | ==================================================
2026-05-27 09:27:54,943 | INFO | 
[A1] Ridge Regression
2026-05-27 09:28:18,207 | INFO | 
[A2] Lasso Regression
2026-05-27 09:28:20,047 | INFO | 
[A3] XGBoost Regressor
2026-05-27 09:28:23,274 | INFO | 
==================================================
2026-05-27 09:28:23,276 | INFO | TASK B: Classification  30-Day Hospitalization
2026-05-27 09:28:23,277 | INFO | ==================================================
2026-05-27 09:28:23,278 | INFO | 
[B1] Logistic Regression
2026-05-27 09:28:25,491 | INFO | 
[B2] XGBoost Classifier
2026-05-27 09:28:28,298 | INFO | 
Step 5: Model comparison plots...
2026-05-27 09:28:28,918 | INFO | Step 6: Saving results summary...
2026-05-27 09:28:28,922 | INFO | 
============================================================
2026-05-27 09:28:28,928 | INFO | FINAL MODEL LEADERBOARD
2026-05-27 09:28:28,968 | INFO | ============================================================
2026-05-27 09:28:29,184 | INFO |   Model                                Rý     RMSE      MAE
2026-05-27 09:28:29,185 | INFO |   --------------------------------------------------------
2026-05-27 09:28:29,185 | INFO |   Ridge Regression                 0.8779   2.1306   1.7155
2026-05-27 09:28:29,186 | INFO |   Lasso Regression                 0.8825   2.0903   1.6801
2026-05-27 09:28:29,186 | INFO |   XGBoost Regressor                0.8514   2.3507   1.9119
2026-05-27 09:28:29,202 | INFO |   Model                               AUC       F1      Acc
2026-05-27 09:28:29,202 | INFO |   --------------------------------------------------------
2026-05-27 09:28:29,204 | INFO |   Logistic Regression              0.7976   0.6159   0.7225
2026-05-27 09:28:29,206 | INFO |   XGBoost Classifier               0.8094   0.5911   0.7475
